<?xml version="1.0" encoding="UTF-8"?>
<testng-results skipped="0" failed="0" ignored="0" total="2" passed="2">
  <reporter-output>
  </reporter-output>
  <suite name="Default suite" duration-ms="100" started-at="2020-08-24T20:31:56 PDT" finished-at="2020-08-24T20:31:56 PDT">
    <groups>
    </groups>
    <test name="Default test" duration-ms="100" started-at="2020-08-24T20:31:56 PDT" finished-at="2020-08-24T20:31:56 PDT">
      <class name="com.learningmaven.maven.AppiumTest">
        <test-method status="PASS" signature="iosapps()[pri:0, instance:com.learningmaven.maven.AppiumTest@3224f60b]" name="iosapps" duration-ms="26" started-at="2020-08-24T20:31:56 PDT" finished-at="2020-08-24T20:31:56 PDT">
          <reporter-output>
          </reporter-output>
        </test-method> <!-- iosapps -->
        <test-method status="PASS" signature="nativeapps()[pri:0, instance:com.learningmaven.maven.AppiumTest@3224f60b]" name="nativeapps" duration-ms="3" started-at="2020-08-24T20:31:56 PDT" finished-at="2020-08-24T20:31:56 PDT">
          <reporter-output>
          </reporter-output>
        </test-method> <!-- nativeapps -->
      </class> <!-- com.learningmaven.maven.AppiumTest -->
    </test> <!-- Default test -->
  </suite> <!-- Default suite -->
</testng-results>
